JVM info: Oracle Corporation - 22.0.2 - 22.0.2+9-70
java.net.preferIPv4Stack=true
Current Time: 25/12/2025 15:58:16
Host: maven.neoforged.net [89.187.187.20, 89.187.187.10, 143.244.51.245, 143.244.51.250, 89.187.187.14, 143.244.51.58, 89.187.187.6]
Host: libraries.minecraft.net [13.107.226.39, 13.107.253.39]
Host: launchermeta.mojang.com [13.107.246.73, 13.107.213.73]
Host: piston-meta.mojang.com [13.107.246.73, 13.107.213.73]
Host: sessionserver.mojang.com [13.107.213.73, 13.107.246.73]
Found java version 22.0.2
Target Directory: .
Following redirect: https://neoforged.net/mirrorlist.json
Considering Minecraft server jar
Downloading libraries
Found 0 additional library directories
Considering library net.neoforged.fancymodloader:earlydisplay:10.0.36
File .\libraries\net\neoforged\fancymodloader\earlydisplay\10.0.36\earlydisplay-10.0.36.jar exists. Checksum valid.
Considering library net.neoforged.fancymodloader:loader:10.0.36
File .\libraries\net\neoforged\fancymodloader\loader\10.0.36\loader-10.0.36.jar exists. Checksum valid.
Considering library net.neoforged:accesstransformers:11.0.2
File .\libraries\net\neoforged\accesstransformers\11.0.2\accesstransformers-11.0.2.jar exists. Checksum valid.
Considering library org.ow2.asm:asm-commons:9.8
File .\libraries\org\ow2\asm\asm-commons\9.8\asm-commons-9.8.jar exists. Checksum valid.
Considering library net.neoforged:mergetool:2.0.0:api
File .\libraries\net\neoforged\mergetool\2.0.0\mergetool-2.0.0-api.jar exists. Checksum valid.
Considering library org.ow2.asm:asm-util:9.8
File .\libraries\org\ow2\asm\asm-util\9.8\asm-util-9.8.jar exists. Checksum valid.
Considering library org.ow2.asm:asm-analysis:9.8
File .\libraries\org\ow2\asm\asm-analysis\9.8\asm-analysis-9.8.jar exists. Checksum valid.
Considering library org.ow2.asm:asm-tree:9.8
File .\libraries\org\ow2\asm\asm-tree\9.8\asm-tree-9.8.jar exists. Checksum valid.
Considering library net.neoforged:bus:8.0.5
File .\libraries\net\neoforged\bus\8.0.5\bus-8.0.5.jar exists. Checksum valid.
Considering library org.ow2.asm:asm:9.8
File .\libraries\org\ow2\asm\asm\9.8\asm-9.8.jar exists. Checksum valid.
Considering library com.electronwill.night-config:toml:3.8.3
File .\libraries\com\electronwill\night-config\toml\3.8.3\toml-3.8.3.jar exists. Checksum valid.
Considering library com.electronwill.night-config:core:3.8.3
File .\libraries\com\electronwill\night-config\core\3.8.3\core-3.8.3.jar exists. Checksum valid.
Considering library net.neoforged:JarJarSelector:0.5.0
File .\libraries\net\neoforged\JarJarSelector\0.5.0\JarJarSelector-0.5.0.jar exists. Checksum valid.
Considering library net.neoforged:JarJarMetadata:0.5.0
File .\libraries\net\neoforged\JarJarMetadata\0.5.0\JarJarMetadata-0.5.0.jar exists. Checksum valid.
Considering library org.apache.maven:maven-artifact:3.9.9
File .\libraries\org\apache\maven\maven-artifact\3.9.9\maven-artifact-3.9.9.jar exists. Checksum valid.
Considering library net.jodah:typetools:0.6.3
File .\libraries\net\jodah\typetools\0.6.3\typetools-0.6.3.jar exists. Checksum valid.
Considering library net.minecrell:terminalconsoleappender:1.3.0
File .\libraries\net\minecrell\terminalconsoleappender\1.3.0\terminalconsoleappender-1.3.0.jar exists. Checksum valid.
Considering library net.fabricmc:sponge-mixin:0.16.5+mixin.0.8.7
File .\libraries\net\fabricmc\sponge-mixin\0.16.5+mixin.0.8.7\sponge-mixin-0.16.5+mixin.0.8.7.jar exists. Checksum valid.
Considering library net.neoforged.accesstransformers:at-parser:11.0.2
File .\libraries\net\neoforged\accesstransformers\at-parser\11.0.2\at-parser-11.0.2.jar exists. Checksum valid.
Considering library org.jline:jline-reader:3.20.0
File .\libraries\org\jline\jline-reader\3.20.0\jline-reader-3.20.0.jar exists. Checksum valid.
Considering library org.jline:jline-terminal:3.20.0
File .\libraries\org\jline\jline-terminal\3.20.0\jline-terminal-3.20.0.jar exists. Checksum valid.
Considering library net.minecraftforge:srgutils:0.4.15
File .\libraries\net\minecraftforge\srgutils\0.4.15\srgutils-0.4.15.jar exists. Checksum valid.
Considering library com.google.guava:listenablefuture:9999.0-empty-to-avoid-conflict-with-guava
File .\libraries\com\google\guava\listenablefuture\9999.0-empty-to-avoid-conflict-with-guava\listenablefuture-9999.0-empty-to-avoid-conflict-with-guava.jar exists. Checksum valid.
Considering library com.google.errorprone:error_prone_annotations:2.41.0
File .\libraries\com\google\errorprone\error_prone_annotations\2.41.0\error_prone_annotations-2.41.0.jar exists. Checksum valid.
Considering library com.google.j2objc:j2objc-annotations:3.1
File .\libraries\com\google\j2objc\j2objc-annotations\3.1\j2objc-annotations-3.1.jar exists. Checksum valid.
Considering library org.codehaus.plexus:plexus-utils:3.5.1
File .\libraries\org\codehaus\plexus\plexus-utils\3.5.1\plexus-utils-3.5.1.jar exists. Checksum valid.
Considering library net.neoforged.fancymodloader:earlydisplay:10.0.36
File .\libraries\net\neoforged\fancymodloader\earlydisplay\10.0.36\earlydisplay-10.0.36.jar exists. Checksum valid.
Considering library net.neoforged.fancymodloader:loader:10.0.36
File .\libraries\net\neoforged\fancymodloader\loader\10.0.36\loader-10.0.36.jar exists. Checksum valid.
Considering library net.neoforged:accesstransformers:11.0.2
File .\libraries\net\neoforged\accesstransformers\11.0.2\accesstransformers-11.0.2.jar exists. Checksum valid.
Considering library org.ow2.asm:asm-commons:9.8
File .\libraries\org\ow2\asm\asm-commons\9.8\asm-commons-9.8.jar exists. Checksum valid.
Considering library net.neoforged:mergetool:2.0.0:api
File .\libraries\net\neoforged\mergetool\2.0.0\mergetool-2.0.0-api.jar exists. Checksum valid.
Considering library org.ow2.asm:asm-util:9.8
File .\libraries\org\ow2\asm\asm-util\9.8\asm-util-9.8.jar exists. Checksum valid.
Considering library org.ow2.asm:asm-analysis:9.8
File .\libraries\org\ow2\asm\asm-analysis\9.8\asm-analysis-9.8.jar exists. Checksum valid.
Considering library org.ow2.asm:asm-tree:9.8
File .\libraries\org\ow2\asm\asm-tree\9.8\asm-tree-9.8.jar exists. Checksum valid.
Considering library net.neoforged:bus:8.0.5
File .\libraries\net\neoforged\bus\8.0.5\bus-8.0.5.jar exists. Checksum valid.
Considering library org.ow2.asm:asm:9.8
File .\libraries\org\ow2\asm\asm\9.8\asm-9.8.jar exists. Checksum valid.
Considering library com.electronwill.night-config:toml:3.8.3
File .\libraries\com\electronwill\night-config\toml\3.8.3\toml-3.8.3.jar exists. Checksum valid.
Considering library com.electronwill.night-config:core:3.8.3
File .\libraries\com\electronwill\night-config\core\3.8.3\core-3.8.3.jar exists. Checksum valid.
Considering library net.neoforged:JarJarSelector:0.5.0
File .\libraries\net\neoforged\JarJarSelector\0.5.0\JarJarSelector-0.5.0.jar exists. Checksum valid.
Considering library net.neoforged:JarJarMetadata:0.5.0
File .\libraries\net\neoforged\JarJarMetadata\0.5.0\JarJarMetadata-0.5.0.jar exists. Checksum valid.
Considering library org.apache.maven:maven-artifact:3.9.9
File .\libraries\org\apache\maven\maven-artifact\3.9.9\maven-artifact-3.9.9.jar exists. Checksum valid.
Considering library net.jodah:typetools:0.6.3
File .\libraries\net\jodah\typetools\0.6.3\typetools-0.6.3.jar exists. Checksum valid.
Considering library net.minecrell:terminalconsoleappender:1.3.0
File .\libraries\net\minecrell\terminalconsoleappender\1.3.0\terminalconsoleappender-1.3.0.jar exists. Checksum valid.
Considering library net.fabricmc:sponge-mixin:0.16.5+mixin.0.8.7
File .\libraries\net\fabricmc\sponge-mixin\0.16.5+mixin.0.8.7\sponge-mixin-0.16.5+mixin.0.8.7.jar exists. Checksum valid.
Considering library net.neoforged.accesstransformers:at-parser:11.0.2
File .\libraries\net\neoforged\accesstransformers\at-parser\11.0.2\at-parser-11.0.2.jar exists. Checksum valid.
Considering library org.jline:jline-reader:3.20.0
File .\libraries\org\jline\jline-reader\3.20.0\jline-reader-3.20.0.jar exists. Checksum valid.
Considering library org.jline:jline-terminal:3.20.0
File .\libraries\org\jline\jline-terminal\3.20.0\jline-terminal-3.20.0.jar exists. Checksum valid.
Considering library org.lwjgl:lwjgl-tinyfd:3.3.3
File .\libraries\org\lwjgl\lwjgl-tinyfd\3.3.3\lwjgl-tinyfd-3.3.3.jar exists. Checksum valid.
Considering library org.lwjgl:lwjgl:3.3.3
File .\libraries\org\lwjgl\lwjgl\3.3.3\lwjgl-3.3.3.jar exists. Checksum valid.
Considering library net.minecraftforge:srgutils:0.4.15
File .\libraries\net\minecraftforge\srgutils\0.4.15\srgutils-0.4.15.jar exists. Checksum valid.
Considering library com.google.guava:listenablefuture:9999.0-empty-to-avoid-conflict-with-guava
File .\libraries\com\google\guava\listenablefuture\9999.0-empty-to-avoid-conflict-with-guava\listenablefuture-9999.0-empty-to-avoid-conflict-with-guava.jar exists. Checksum valid.
Considering library com.google.errorprone:error_prone_annotations:2.41.0
File .\libraries\com\google\errorprone\error_prone_annotations\2.41.0\error_prone_annotations-2.41.0.jar exists. Checksum valid.
Considering library com.google.j2objc:j2objc-annotations:3.1
File .\libraries\com\google\j2objc\j2objc-annotations\3.1\j2objc-annotations-3.1.jar exists. Checksum valid.
Considering library org.codehaus.plexus:plexus-utils:3.5.1
File .\libraries\org\codehaus\plexus\plexus-utils\3.5.1\plexus-utils-3.5.1.jar exists. Checksum valid.
Considering library net.neoforged:neoform:1.21.11-20251209.172050:mappings@tsrg.lzma
File .\libraries\net\neoforged\neoform\1.21.11-20251209.172050\neoform-1.21.11-20251209.172050-mappings.tsrg.lzma exists. Checksum valid.
Considering library net.neoforged.installertools:installertools:4.0.6:fatjar
File .\libraries\net\neoforged\installertools\installertools\4.0.6\installertools-4.0.6-fatjar.jar exists. Checksum valid.
Considering library net.neoforged:neoforge:21.11.13-beta:universal
File .\libraries\net\neoforged\neoforge\21.11.13-beta\neoforge-21.11.13-beta-universal.jar exists. Checksum valid.
Created Temporary Directory: C:\Users\ADMINI~1\AppData\Local\Temp\2\neoforge_installer14746639173994207462
  Extracting: /data/client.lzma
Building Processors
===============================================================================
Processor: net.neoforged.installertools:installertools -> EXTRACT_FILES
  MainClass: net.neoforged.installertools.ConsoleTool
  Classpath:
    C:\Server\1.21.11\.\libraries\net\neoforged\installertools\installertools\4.0.6\installertools-4.0.6-fatjar.jar
    C:\Server\1.21.11\.\libraries\net\neoforged\installertools\installertools\4.0.6\installertools-4.0.6-fatjar.jar
  Args: --task, EXTRACT_FILES, --archive, C:\Server\1.21.11\neoforge-21.11.13-beta-installer.jar, --from, data/run.sh, --to, C:\Server\1.21.11\./run.sh, --exec, C:\Server\1.21.11\./run.sh, --from, data/run.bat, --to, C:\Server\1.21.11\./run.bat, --from, data/user_jvm_args.txt, --to, C:\Server\1.21.11\./user_jvm_args.txt, --optional, C:\Server\1.21.11\./user_jvm_args.txt, --from, data/win_args.txt, --to, C:\Server\1.21.11\./libraries/net/neoforged/neoforge/21.11.13-beta/win_args.txt, --from, data/unix_args.txt, --to, C:\Server\1.21.11\./libraries/net/neoforged/neoforge/21.11.13-beta/unix_args.txt
Task: EXTRACT_FILES
Archive: C:\Server\1.21.11\neoforge-21.11.13-beta-installer.jar
Extract: data/run.sh
         C:\Server\1.21.11\.\run.sh
Extract: data/run.bat
         C:\Server\1.21.11\.\run.bat
Extract: data/user_jvm_args.txt
         C:\Server\1.21.11\.\user_jvm_args.txt
Extract: data/win_args.txt
         C:\Server\1.21.11\.\libraries\net\neoforged\neoforge\21.11.13-beta\win_args.txt
Extract: data/unix_args.txt
         C:\Server\1.21.11\.\libraries\net\neoforged\neoforge\21.11.13-beta\unix_args.txt
Exec:    C:\Server\1.21.11\.\run.sh
===============================================================================
Processor: net.neoforged.installertools:installertools -> DOWNLOAD_MOJMAPS
  MainClass: net.neoforged.installertools.ConsoleTool
  Classpath:
    C:\Server\1.21.11\.\libraries\net\neoforged\installertools\installertools\4.0.6\installertools-4.0.6-fatjar.jar
    C:\Server\1.21.11\.\libraries\net\neoforged\installertools\installertools\4.0.6\installertools-4.0.6-fatjar.jar
  Args: --task, DOWNLOAD_MOJMAPS, --version, 1.21.11, --side, server, --output, C:\Server\1.21.11\.\libraries\net\minecraft\server\1.21.11\server-1.21.11-mappings.txt
Task: DOWNLOAD_MOJMAPS
MC Version: 1.21.11
Side:       server
Output:     C:\Server\1.21.11\.\libraries\net\minecraft\server\1.21.11\server-1.21.11-mappings.txt
Downloaded Mojang mappings for 1.21.11
===============================================================================
Processor: net.neoforged.installertools:installertools -> PROCESS_MINECRAFT_JAR
  MainClass: net.neoforged.installertools.ConsoleTool
  Classpath:
    C:\Server\1.21.11\.\libraries\net\neoforged\installertools\installertools\4.0.6\installertools-4.0.6-fatjar.jar
    C:\Server\1.21.11\.\libraries\net\neoforged\installertools\installertools\4.0.6\installertools-4.0.6-fatjar.jar
  Args: --task, PROCESS_MINECRAFT_JAR, --input, C:\Server\1.21.11\.\libraries\net\minecraft\server\1.21.11\server-1.21.11.jar, --input-mappings, C:\Server\1.21.11\.\libraries\net\minecraft\server\1.21.11\server-1.21.11-mappings.txt, --output, C:\Server\1.21.11\.\libraries\net\neoforged\minecraft-server-patched\21.11.13-beta\minecraft-server-patched-21.11.13-beta.jar, --extract-libraries-to, C:\Server\1.21.11\./libraries/, --neoform-data, C:\Server\1.21.11\.\libraries\net\neoforged\neoform\1.21.11-20251209.172050\neoform-1.21.11-20251209.172050-mappings.tsrg.lzma, --apply-patches, C:\Users\ADMINI~1\AppData\Local\Temp\2\neoforge_installer14746639173994207462\data\client.lzma
Task: PROCESS_MINECRAFT_JAR
load parameter mappings [2402ms]
load mappings [4342ms]
load patch bundle [4458ms]
merge mappings [1496ms]
load input zip [6232ms]
Adding Libraries to Inheritance
Processor: net.neoforged.installertools:installertools -> PROCESS_MINECRAFT_JAR: Processing entries
Adding input to inheritance map
Processing 14729 entries
Adding extras
Sorting
deobfuscate jar [318469ms]
applying patches [1038ms]
write output file [1747ms]
overall work [327528ms]
The server installed successfully
You can delete this installer file now if you wish
