[2512月2025 21:43:14.222] [main/INFO] [net.neoforged.fml.startup.Entrypoint/]: JVM Uptime at startup: 151ms
[2512月2025 21:43:14.222] [main/INFO] [net.neoforged.fml.loading.FMLLoader/]: Starting FancyModLoader version 10.0.36 (DEDICATED_SERVER in PROD)
[2512月2025 21:43:14.239] [main/INFO] [net.neoforged.fml.loading.FMLLoader/]: Game directory: C:\Server\1.21.11
[2512月2025 21:43:14.239] [main/DEBUG] [net.neoforged.fml.loading.FMLPaths/CORE]: Path GAMEDIR is C:\Server\1.21.11
[2512月2025 21:43:14.239] [main/DEBUG] [net.neoforged.fml.loading.FMLPaths/CORE]: Path JIJ_CACHEDIR is C:\Server\1.21.11\.cache\jij
[2512月2025 21:43:14.239] [main/DEBUG] [net.neoforged.fml.loading.FMLPaths/CORE]: Path MODSDIR is C:\Server\1.21.11\mods
[2512月2025 21:43:14.239] [main/DEBUG] [net.neoforged.fml.loading.FMLPaths/CORE]: Path CONFIGDIR is C:\Server\1.21.11\config
[2512月2025 21:43:14.239] [main/DEBUG] [net.neoforged.fml.loading.FMLPaths/CORE]: Path FMLCONFIG is C:\Server\1.21.11\config\fml.toml
[2512月2025 21:43:14.317] [main/DEBUG] [net.neoforged.fml.loading.EarlyServiceDiscovery/]: libraries\net\neoforged\fancymodloader\earlydisplay\10.0.36\earlydisplay-10.0.36.jar contains early service net.neoforged.neoforgespi.earlywindow.ImmediateWindowProvider
[2512月2025 21:43:14.332] [main/DEBUG] [net.neoforged.fml.loading.moddiscovery.ModFile/LOADING]: Loading mod file libraries\net\neoforged\fancymodloader\earlydisplay\10.0.36\earlydisplay-10.0.36.jar with languages []
[2512月2025 21:43:14.349] [main/DEBUG] [net.neoforged.fml.loading.EarlyServiceDiscovery/]: libraries\net\neoforged\fancymodloader\loader\10.0.36\loader-10.0.36.jar contains early service net.neoforged.neoforgespi.locating.IModFileReader
[2512月2025 21:43:14.349] [main/DEBUG] [net.neoforged.fml.loading.moddiscovery.ModFile/LOADING]: Loading mod file libraries\net\neoforged\fancymodloader\loader\10.0.36\loader-10.0.36.jar with languages []
[2512月2025 21:43:14.364] [main/INFO] [net.neoforged.fml.loading.EarlyServiceDiscovery/]: Found 2 early service jars (out of 68) in 65ms
[2512月2025 21:43:14.364] [main/INFO] [net.neoforged.fml.loading.FMLLoader/]: Loading FML Early Services:
[2512月2025 21:43:14.364] [main/INFO] [net.neoforged.fml.loading.FMLLoader/]:  - libraries/net/neoforged/fancymodloader/earlydisplay/10.0.36/earlydisplay-10.0.36.jar
[2512月2025 21:43:14.364] [main/INFO] [net.neoforged.fml.loading.FMLLoader/]:  - libraries/net/neoforged/fancymodloader/loader/10.0.36/loader-10.0.36.jar
[2512月2025 21:43:14.381] [main/DEBUG] [net.neoforged.fml.util.ServiceLoaderUtil/CORE]: Found 0 implementations of GraphicsBootstrapper:
[2512月2025 21:43:14.381] [main/INFO] [net.neoforged.fml.loading.ImmediateWindowHandler/]: Not loading early display in headless mode.
[2512月2025 21:43:14.397] [main/DEBUG] [net.neoforged.fml.util.ServiceLoaderUtil/CORE]: Found 4 implementations of IModFileCandidateLocator:
[2512月2025 21:43:14.411] [main/DEBUG] [net.neoforged.fml.util.ServiceLoaderUtil/CORE]: 	    1000 - [built-in] net.neoforged.fml.loading.moddiscovery.locators.GameLocator from libraries/net/neoforged/fancymodloader/loader/10.0.36/loader-10.0.36.jar
[2512月2025 21:43:14.411] [main/DEBUG] [net.neoforged.fml.util.ServiceLoaderUtil/CORE]: 	    1000 - [built-in] net.neoforged.fml.loading.moddiscovery.locators.InDevFolderLocator from libraries/net/neoforged/fancymodloader/loader/10.0.36/loader-10.0.36.jar
[2512月2025 21:43:14.411] [main/DEBUG] [net.neoforged.fml.util.ServiceLoaderUtil/CORE]: 	    1000 - [built-in] net.neoforged.fml.loading.moddiscovery.locators.InDevJarLocator from libraries/net/neoforged/fancymodloader/loader/10.0.36/loader-10.0.36.jar
[2512月2025 21:43:14.411] [main/DEBUG] [net.neoforged.fml.util.ServiceLoaderUtil/CORE]: 	       0 - [built-in] net.neoforged.fml.loading.moddiscovery.locators.ModsFolderLocator from libraries/net/neoforged/fancymodloader/loader/10.0.36/loader-10.0.36.jar
[2512月2025 21:43:14.411] [main/DEBUG] [net.neoforged.fml.util.ServiceLoaderUtil/CORE]: Found 2 implementations of IModFileReader:
[2512月2025 21:43:14.411] [main/DEBUG] [net.neoforged.fml.util.ServiceLoaderUtil/CORE]: 	       0 - net.neoforged.fml.loading.moddiscovery.readers.JarModsDotTomlModFileReader from libraries/net/neoforged/fancymodloader/loader/10.0.36/loader-10.0.36.jar
[2512月2025 21:43:14.411] [main/DEBUG] [net.neoforged.fml.util.ServiceLoaderUtil/CORE]: 	   -1000 - net.neoforged.fml.loading.moddiscovery.readers.NestedLibraryModReader from libraries/net/neoforged/fancymodloader/loader/10.0.36/loader-10.0.36.jar
[2512月2025 21:43:14.411] [main/DEBUG] [net.neoforged.fml.util.ServiceLoaderUtil/CORE]: Found 1 implementations of IDependencyLocator:
[2512月2025 21:43:14.411] [main/DEBUG] [net.neoforged.fml.util.ServiceLoaderUtil/CORE]: 	       0 - net.neoforged.fml.loading.moddiscovery.locators.JarInJarDependencyLocator from libraries/net/neoforged/fancymodloader/loader/10.0.36/loader-10.0.36.jar
[2512月2025 21:43:14.443] [main/INFO] [net.neoforged.fml.loading.moddiscovery.locators.GameLocator/]: Failed to find common Minecraft classes and resources on the classpath. Assuming we're launching production.
[2512月2025 21:43:14.459] [main/DEBUG] [net.neoforged.fml.loading.moddiscovery.ModFileParser/LOADING]: Considering mod file candidate libraries\net\neoforged\minecraft-server-patched\21.11.13-beta\minecraft-server-patched-21.11.13-beta.jar
[2512月2025 21:43:14.505] [main/DEBUG] [net.neoforged.fml.loading.moddiscovery.ModFileInfo/LOADING]: Found valid mod file minecraft-server-patched-21.11.13-beta.jar with {minecraft} mods - versions {1.21.11}
[2512月2025 21:43:14.522] [main/DEBUG] [net.neoforged.fml.loading.moddiscovery.ModFile/LOADING]: Loading mod file libraries\net\neoforged\minecraft-server-patched\21.11.13-beta\minecraft-server-patched-21.11.13-beta.jar with languages [LanguageSpec[languageName=minecraft, acceptedVersions=null]]
[2512月2025 21:43:14.522] [main/DEBUG] [net.neoforged.fml.loading.moddiscovery.ModFileParser/LOADING]: Considering mod file candidate libraries\net\neoforged\neoforge\21.11.13-beta\neoforge-21.11.13-beta-universal.jar
[2512月2025 21:43:14.536] [main/DEBUG] [net.neoforged.fml.loading.moddiscovery.ModFileInfo/LOADING]: Found valid mod file neoforge-21.11.13-beta-universal.jar with {neoforge} mods - versions {21.11.13-beta}
[2512月2025 21:43:14.536] [main/DEBUG] [net.neoforged.fml.loading.moddiscovery.ModFile/LOADING]: Loading mod file libraries\net\neoforged\neoforge\21.11.13-beta\neoforge-21.11.13-beta-universal.jar with languages [LanguageSpec[languageName=javafml, acceptedVersions=[3,]]]
[2512月2025 21:43:14.536] [main/DEBUG] [net.neoforged.fml.loading.moddiscovery.ModFile/LOADING]: Found mixin config MixinConfig[config=neoforge.mixins.json, requiredMods=[], behaviorVersion=null]
[2512月2025 21:43:14.583] [main/DEBUG] [net.neoforged.fml.loading.moddiscovery.ModFileParser/LOADING]: Considering mod file candidate C:\Server\1.21.11\mods\[JEI物品管理器] jei-1.21.11-neoforge-27.3.0.12.jar
[2512月2025 21:43:14.600] [main/DEBUG] [net.neoforged.fml.loading.moddiscovery.ModFileInfo/LOADING]: Found valid mod file [JEI物品管理器] jei-1.21.11-neoforge-27.3.0.12.jar with {jei} mods - versions {27.3.0.12}
[2512月2025 21:43:14.600] [main/DEBUG] [net.neoforged.fml.loading.moddiscovery.ModFile/LOADING]: Loading mod file C:\Server\1.21.11\mods\[JEI物品管理器] jei-1.21.11-neoforge-27.3.0.12.jar with languages [LanguageSpec[languageName=javafml, acceptedVersions=[4,)]]
[2512月2025 21:43:14.772] [main/DEBUG] [net.neoforged.fml.loading.moddiscovery.ModFile/LOADING]: Loading mod file C:\Server\1.21.11\.cache\jij\9c617719248f8b89847348fc7ea5e705739c147ae5e172551264d225bc9f2507\mixinextras-neoforge-0.5.0.jar with languages []
[2512月2025 21:43:14.772] [main/DEBUG] [net.neoforged.fml.loading.moddiscovery.ModFile/LOADING]: Loading mod file C:\Server\1.21.11\.cache\jij\54bb3c61f37ced77ba30dc02ca5b2f71ced259612101a8b1325855cff9d9755c\net.neoforged.neoforge-coremods-21.11.13-beta.jar with languages []
[2512月2025 21:43:14.818] [main/INFO] [net.neoforged.fml.loading.moddiscovery.locators.JarInJarDependencyLocator/]: Found 2 dependencies adding them to mods collection
[2512月2025 21:43:14.834] [main/INFO] [net.neoforged.fml.loading.moddiscovery.ModDiscoverer/]: 
     Mod List:
		Name Version (Mod Id)

		Just Enough Items 27.3.0.12 (jei)
		Minecraft 1.21.11 (minecraft)
		NeoForge 21.11.13-beta (neoforge)
[2512月2025 21:43:14.850] [main/DEBUG] [net.neoforged.fml.loading.ModSorter/]: Configured system mods: [minecraft, neoforge]
[2512月2025 21:43:14.850] [main/DEBUG] [net.neoforged.fml.loading.ModSorter/]: Found system mod: minecraft
[2512月2025 21:43:14.850] [main/DEBUG] [net.neoforged.fml.loading.ModSorter/]: Found system mod: neoforge
[2512月2025 21:43:14.850] [main/DEBUG] [net.neoforged.fml.loading.ModSorter/LOADING]: Found 2 mod requirements (2 mandatory, 0 optional)
[2512月2025 21:43:14.881] [main/DEBUG] [net.neoforged.fml.loading.ModSorter/LOADING]: Found 0 mod requirements missing (0 mandatory, 0 optional)
[2512月2025 21:43:15.307] [main/INFO] [mixin/]: SpongePowered MIXIN Subsystem Version=0.8.7 Source=file:/C:/Server/1.21.11/libraries/net/fabricmc/sponge-mixin/0.16.5+mixin.0.8.7/sponge-mixin-0.16.5+mixin.0.8.7.jar Service=FML Env=SERVER
[2512月2025 21:43:15.446] [main/DEBUG] [mixin/]: Initialising Mixin Platform Manager
[2512月2025 21:43:15.446] [main/DEBUG] [mixin/]: Adding mixin platform agents for container ContainerHandleVirtual(fml:18c85)
[2512月2025 21:43:15.446] [main/DEBUG] [mixin/]: Instancing new MixinPlatformAgentDefault for ContainerHandleVirtual(fml:18c85)
[2512月2025 21:43:15.446] [main/DEBUG] [mixin/]: MixinPlatformAgentDefault accepted container ContainerHandleVirtual(fml:18c85)
[2512月2025 21:43:15.446] [main/DEBUG] [mixin/]: Instancing new MixinPlatformAgentDefault for ContainerHandleVirtual(fml:18c85)
[2512月2025 21:43:15.446] [main/DEBUG] [mixin/]: MixinPlatformAgentDefault accepted container ContainerHandleVirtual(fml:18c85)
[2512月2025 21:43:15.446] [main/DEBUG] [mixin/]: Processing prepare() for PlatformAgent[MixinPlatformAgentDefault:ContainerHandleVirtual(fml:18c85)]
[2512月2025 21:43:15.446] [main/DEBUG] [mixin/]: Processing prepare() for PlatformAgent[MixinPlatformAgentDefault:ContainerHandleVirtual(fml:18c85)]
[2512月2025 21:43:15.446] [main/INFO] [net.neoforged.fml.loading.FMLLoader/]: Loading FML Plugins:
[2512月2025 21:43:15.463] [main/INFO] [net.neoforged.fml.loading.FMLLoader/]:  - ~libraries/net/neoforged/neoforge/21.11.13-beta/neoforge-21.11.13-beta-universal.jar > net.neoforged.neoforge-coremods-21.11.13-beta.jar
[2512月2025 21:43:15.557] [main/DEBUG] [net.neoforged.fml.util.ServiceLoaderUtil/CORE]: Found 2 implementations of IModLanguageLoader:
[2512月2025 21:43:15.557] [main/DEBUG] [net.neoforged.fml.util.ServiceLoaderUtil/CORE]: 	net.neoforged.fml.javafmlmod.FMLJavaModLanguageProvider from libraries/net/neoforged/fancymodloader/loader/10.0.36/loader-10.0.36.jar
[2512月2025 21:43:15.557] [main/DEBUG] [net.neoforged.fml.util.ServiceLoaderUtil/CORE]: 	net.neoforged.fml.mclanguageprovider.MinecraftModLanguageProvider from libraries/net/neoforged/fancymodloader/loader/10.0.36/loader-10.0.36.jar
[2512月2025 21:43:15.557] [main/DEBUG] [net.neoforged.fml.loading.LanguageProviderLoader/CORE]: Found language provider javafml, version 10.0
[2512月2025 21:43:15.557] [main/DEBUG] [net.neoforged.fml.loading.LanguageProviderLoader/CORE]: Found language provider minecraft, version 10.0
[2512月2025 21:43:15.572] [main/DEBUG] [net.neoforged.fml.loading.FMLLoader/]: Adding Access Transformer META-INF/accesstransformer.cfg in jar(~libraries/net/neoforged/neoforge/21.11.13-beta/neoforge-21.11.13-beta-universal.jar)
[2512月2025 21:43:16.447] [main/DEBUG] [net.neoforged.fml.loading.FMLLoader/]: Adding Access Transformer META-INF/accesstransformergenerated.cfg in jar(~libraries/net/neoforged/neoforge/21.11.13-beta/neoforge-21.11.13-beta-universal.jar)
[2512月2025 21:43:16.557] [main/DEBUG] [net.neoforged.fml.loading.FMLLoader/]: Adding Access Transformer META-INF/accesstransformer.cfg in jar(mods/[JEI物品管理器] jei-1.21.11-neoforge-27.3.0.12.jar)
[2512月2025 21:43:16.822] [main/DEBUG] [net.neoforged.fml.util.ServiceLoaderUtil/CORE]: Found 4 implementations of ClassProcessor:
[2512月2025 21:43:16.822] [main/DEBUG] [net.neoforged.fml.util.ServiceLoaderUtil/CORE]: 	[built-in] net.neoforged.fml.common.asm.AccessTransformerService from libraries/net/neoforged/fancymodloader/loader/10.0.36/loader-10.0.36.jar
[2512月2025 21:43:16.822] [main/DEBUG] [net.neoforged.fml.util.ServiceLoaderUtil/CORE]: 	[built-in] net.neoforged.fml.common.asm.enumextension.RuntimeEnumExtender from libraries/net/neoforged/fancymodloader/loader/10.0.36/loader-10.0.36.jar
[2512月2025 21:43:16.822] [main/DEBUG] [net.neoforged.fml.util.ServiceLoaderUtil/CORE]: 	[built-in] net.neoforged.fml.common.asm.SimpleProcessorsGroup from libraries/net/neoforged/fancymodloader/loader/10.0.36/loader-10.0.36.jar
[2512月2025 21:43:16.822] [main/DEBUG] [net.neoforged.fml.util.ServiceLoaderUtil/CORE]: 	[built-in] net.neoforged.fml.loading.mixin.FMLMixinClassProcessor from libraries/net/neoforged/fancymodloader/loader/10.0.36/loader-10.0.36.jar
[2512月2025 21:43:16.838] [main/DEBUG] [net.neoforged.fml.util.ServiceLoaderUtil/CORE]: Found 1 implementations of ClassProcessorProvider:
[2512月2025 21:43:16.838] [main/DEBUG] [net.neoforged.fml.util.ServiceLoaderUtil/CORE]: 	net.neoforged.neoforge.coremods.NeoForgeCoreMod from ~libraries/net/neoforged/neoforge/21.11.13-beta/neoforge-21.11.13-beta-universal.jar > net.neoforged.neoforge-coremods-21.11.13-beta.jar
[2512月2025 21:43:16.994] [main/INFO] [net.neoforged.fml.loading.FMLLoader/]: Building game content classloader:
 - jei (jar(mods/[JEI物品管理器] jei-1.21.11-neoforge-27.3.0.12.jar))
 - minecraft (jar(~libraries/net/neoforged/minecraft-server-patched/21.11.13-beta/minecraft-server-patched-21.11.13-beta.jar))
 - mixinextras.neoforge (jar(~libraries/net/neoforged/neoforge/21.11.13-beta/neoforge-21.11.13-beta-universal.jar > mixinextras-neoforge-0.5.0.jar))
 - neoforge (jar(~libraries/net/neoforged/neoforge/21.11.13-beta/neoforge-21.11.13-beta-universal.jar))
 - net.neoforged.fml.generated (empty(VirtualJar/net.neoforged.fml.generated))
[2512月2025 21:43:17.010] [main/INFO] [net.neoforged.fml.loading.FMLLoader/]: Built game content classloader in 63ms
[2512月2025 21:43:17.088] [main/DEBUG] [mixin/]: Processing launch tasks for PlatformAgent[MixinPlatformAgentDefault:ContainerHandleVirtual(fml:18c85)]
[2512月2025 21:43:17.088] [main/DEBUG] [mixin/]: Processing launch tasks for PlatformAgent[MixinPlatformAgentDefault:ContainerHandleVirtual(fml:18c85)]
[2512月2025 21:43:17.088] [main/DEBUG] [mixin/]: Adding agents for Mixin Container jar(~libraries/net/neoforged/neoforge/21.11.13-beta/neoforge-21.11.13-beta-universal.jar) > jar(~libraries/net/neoforged/neoforge/21.11.13-beta/neoforge-21.11.13-beta-universal.jar > net.neoforged.neoforge-coremods-21.11.13-beta.jar)
[2512月2025 21:43:17.088] [main/DEBUG] [mixin/]: Adding mixin platform agents for container jar(~libraries/net/neoforged/neoforge/21.11.13-beta/neoforge-21.11.13-beta-universal.jar) > jar(~libraries/net/neoforged/neoforge/21.11.13-beta/neoforge-21.11.13-beta-universal.jar > net.neoforged.neoforge-coremods-21.11.13-beta.jar)
[2512月2025 21:43:17.088] [main/DEBUG] [mixin/]: Instancing new MixinPlatformAgentDefault for jar(~libraries/net/neoforged/neoforge/21.11.13-beta/neoforge-21.11.13-beta-universal.jar) > jar(~libraries/net/neoforged/neoforge/21.11.13-beta/neoforge-21.11.13-beta-universal.jar > net.neoforged.neoforge-coremods-21.11.13-beta.jar)
[2512月2025 21:43:17.088] [main/DEBUG] [mixin/]: MixinPlatformAgentDefault accepted container jar(~libraries/net/neoforged/neoforge/21.11.13-beta/neoforge-21.11.13-beta-universal.jar) > jar(~libraries/net/neoforged/neoforge/21.11.13-beta/neoforge-21.11.13-beta-universal.jar > net.neoforged.neoforge-coremods-21.11.13-beta.jar)
[2512月2025 21:43:17.088] [main/DEBUG] [mixin/]: Instancing new MixinPlatformAgentDefault for jar(~libraries/net/neoforged/neoforge/21.11.13-beta/neoforge-21.11.13-beta-universal.jar) > jar(~libraries/net/neoforged/neoforge/21.11.13-beta/neoforge-21.11.13-beta-universal.jar > net.neoforged.neoforge-coremods-21.11.13-beta.jar)
[2512月2025 21:43:17.088] [main/DEBUG] [mixin/]: MixinPlatformAgentDefault accepted container jar(~libraries/net/neoforged/neoforge/21.11.13-beta/neoforge-21.11.13-beta-universal.jar) > jar(~libraries/net/neoforged/neoforge/21.11.13-beta/neoforge-21.11.13-beta-universal.jar > net.neoforged.neoforge-coremods-21.11.13-beta.jar)
[2512月2025 21:43:17.088] [main/DEBUG] [mixin/]: Processing prepare() for PlatformAgent[MixinPlatformAgentDefault:jar(~libraries/net/neoforged/neoforge/21.11.13-beta/neoforge-21.11.13-beta-universal.jar) > jar(~libraries/net/neoforged/neoforge/21.11.13-beta/neoforge-21.11.13-beta-universal.jar > net.neoforged.neoforge-coremods-21.11.13-beta.jar)]
[2512月2025 21:43:17.088] [main/DEBUG] [mixin/]: Processing prepare() for PlatformAgent[MixinPlatformAgentDefault:jar(~libraries/net/neoforged/neoforge/21.11.13-beta/neoforge-21.11.13-beta-universal.jar) > jar(~libraries/net/neoforged/neoforge/21.11.13-beta/neoforge-21.11.13-beta-universal.jar > net.neoforged.neoforge-coremods-21.11.13-beta.jar)]
[2512月2025 21:43:17.088] [main/DEBUG] [mixin/]: Adding agents for Mixin Container jar(~libraries/net/neoforged/neoforge/21.11.13-beta/neoforge-21.11.13-beta-universal.jar) > jar(~libraries/net/neoforged/neoforge/21.11.13-beta/neoforge-21.11.13-beta-universal.jar > mixinextras-neoforge-0.5.0.jar)
[2512月2025 21:43:17.088] [main/DEBUG] [mixin/]: Adding mixin platform agents for container jar(~libraries/net/neoforged/neoforge/21.11.13-beta/neoforge-21.11.13-beta-universal.jar) > jar(~libraries/net/neoforged/neoforge/21.11.13-beta/neoforge-21.11.13-beta-universal.jar > mixinextras-neoforge-0.5.0.jar)
[2512月2025 21:43:17.088] [main/DEBUG] [mixin/]: Instancing new MixinPlatformAgentDefault for jar(~libraries/net/neoforged/neoforge/21.11.13-beta/neoforge-21.11.13-beta-universal.jar) > jar(~libraries/net/neoforged/neoforge/21.11.13-beta/neoforge-21.11.13-beta-universal.jar > mixinextras-neoforge-0.5.0.jar)
[2512月2025 21:43:17.088] [main/DEBUG] [mixin/]: MixinPlatformAgentDefault accepted container jar(~libraries/net/neoforged/neoforge/21.11.13-beta/neoforge-21.11.13-beta-universal.jar) > jar(~libraries/net/neoforged/neoforge/21.11.13-beta/neoforge-21.11.13-beta-universal.jar > mixinextras-neoforge-0.5.0.jar)
[2512月2025 21:43:17.088] [main/DEBUG] [mixin/]: Instancing new MixinPlatformAgentDefault for jar(~libraries/net/neoforged/neoforge/21.11.13-beta/neoforge-21.11.13-beta-universal.jar) > jar(~libraries/net/neoforged/neoforge/21.11.13-beta/neoforge-21.11.13-beta-universal.jar > mixinextras-neoforge-0.5.0.jar)
[2512月2025 21:43:17.088] [main/DEBUG] [mixin/]: MixinPlatformAgentDefault accepted container jar(~libraries/net/neoforged/neoforge/21.11.13-beta/neoforge-21.11.13-beta-universal.jar) > jar(~libraries/net/neoforged/neoforge/21.11.13-beta/neoforge-21.11.13-beta-universal.jar > mixinextras-neoforge-0.5.0.jar)
[2512月2025 21:43:17.088] [main/DEBUG] [mixin/]: Processing prepare() for PlatformAgent[MixinPlatformAgentDefault:jar(~libraries/net/neoforged/neoforge/21.11.13-beta/neoforge-21.11.13-beta-universal.jar) > jar(~libraries/net/neoforged/neoforge/21.11.13-beta/neoforge-21.11.13-beta-universal.jar > mixinextras-neoforge-0.5.0.jar)]
[2512月2025 21:43:17.088] [main/DEBUG] [mixin/]: Registering mixin config: mixinextras.init.mixins.json source=jar(~libraries/net/neoforged/neoforge/21.11.13-beta/neoforge-21.11.13-beta-universal.jar) > jar(~libraries/net/neoforged/neoforge/21.11.13-beta/neoforge-21.11.13-beta-universal.jar > mixinextras-neoforge-0.5.0.jar)
[2512月2025 21:43:17.104] [main/DEBUG] [mixin/]: Processing prepare() for PlatformAgent[MixinPlatformAgentDefault:jar(~libraries/net/neoforged/neoforge/21.11.13-beta/neoforge-21.11.13-beta-universal.jar) > jar(~libraries/net/neoforged/neoforge/21.11.13-beta/neoforge-21.11.13-beta-universal.jar > mixinextras-neoforge-0.5.0.jar)]
[2512月2025 21:43:17.104] [main/DEBUG] [mixin/]: Registering mixin config: mixinextras.init.mixins.json source=jar(~libraries/net/neoforged/neoforge/21.11.13-beta/neoforge-21.11.13-beta-universal.jar) > jar(~libraries/net/neoforged/neoforge/21.11.13-beta/neoforge-21.11.13-beta-universal.jar > mixinextras-neoforge-0.5.0.jar)
[2512月2025 21:43:17.104] [main/DEBUG] [mixin/]: inject() running with 3 agents
[2512月2025 21:43:17.104] [main/DEBUG] [mixin/]: Processing inject() for PlatformAgent[MixinPlatformAgentDefault:ContainerHandleVirtual(fml:18c85)]
[2512月2025 21:43:17.104] [main/DEBUG] [mixin/]: Processing inject() for PlatformAgent[MixinPlatformAgentDefault:ContainerHandleVirtual(fml:18c85)]
[2512月2025 21:43:17.104] [main/DEBUG] [mixin/]: Processing inject() for PlatformAgent[MixinPlatformAgentDefault:jar(~libraries/net/neoforged/neoforge/21.11.13-beta/neoforge-21.11.13-beta-universal.jar) > jar(~libraries/net/neoforged/neoforge/21.11.13-beta/neoforge-21.11.13-beta-universal.jar > net.neoforged.neoforge-coremods-21.11.13-beta.jar)]
[2512月2025 21:43:17.104] [main/DEBUG] [mixin/]: Processing inject() for PlatformAgent[MixinPlatformAgentDefault:jar(~libraries/net/neoforged/neoforge/21.11.13-beta/neoforge-21.11.13-beta-universal.jar) > jar(~libraries/net/neoforged/neoforge/21.11.13-beta/neoforge-21.11.13-beta-universal.jar > net.neoforged.neoforge-coremods-21.11.13-beta.jar)]
[2512月2025 21:43:17.104] [main/DEBUG] [mixin/]: Processing inject() for PlatformAgent[MixinPlatformAgentDefault:jar(~libraries/net/neoforged/neoforge/21.11.13-beta/neoforge-21.11.13-beta-universal.jar) > jar(~libraries/net/neoforged/neoforge/21.11.13-beta/neoforge-21.11.13-beta-universal.jar > mixinextras-neoforge-0.5.0.jar)]
[2512月2025 21:43:17.104] [main/DEBUG] [mixin/]: Processing inject() for PlatformAgent[MixinPlatformAgentDefault:jar(~libraries/net/neoforged/neoforge/21.11.13-beta/neoforge-21.11.13-beta-universal.jar) > jar(~libraries/net/neoforged/neoforge/21.11.13-beta/neoforge-21.11.13-beta-universal.jar > mixinextras-neoforge-0.5.0.jar)]
[2512月2025 21:43:17.104] [main/DEBUG] [mixin/]: Preparing mixins for MixinEnvironment[DEFAULT]
[2512月2025 21:43:17.104] [main/DEBUG] [mixin/]: Selecting config neoforge.mixins.json
[2512月2025 21:43:17.104] [main/DEBUG] [mixin/]: Selecting config mixinextras.init.mixins.json
[2512月2025 21:43:17.165] [main/DEBUG] [MixinExtras|Service/]: com.llamalad7.mixinextras.service.MixinExtrasServiceImpl(version=0.5.0) is taking over from null
[2512月2025 21:43:17.228] [main/DEBUG] [mixin/]: Registering new injector for @Inject with org.spongepowered.asm.mixin.injection.struct.CallbackInjectionInfo
[2512月2025 21:43:17.228] [main/DEBUG] [mixin/]: Registering new injector for @ModifyArg with org.spongepowered.asm.mixin.injection.struct.ModifyArgInjectionInfo
[2512月2025 21:43:17.228] [main/DEBUG] [mixin/]: Registering new injector for @ModifyArgs with org.spongepowered.asm.mixin.injection.struct.ModifyArgsInjectionInfo
[2512月2025 21:43:17.228] [main/DEBUG] [mixin/]: Registering new injector for @Redirect with org.spongepowered.asm.mixin.injection.struct.RedirectInjectionInfo
[2512月2025 21:43:17.244] [main/DEBUG] [mixin/]: Registering new injector for @ModifyVariable with org.spongepowered.asm.mixin.injection.struct.ModifyVariableInjectionInfo
[2512月2025 21:43:17.244] [main/DEBUG] [mixin/]: Registering new injector for @ModifyConstant with org.spongepowered.asm.mixin.injection.struct.ModifyConstantInjectionInfo
[2512月2025 21:43:17.260] [main/DEBUG] [mixin/]: Preparing neoforge.mixins.json (2)
[2512月2025 21:43:17.322] [main/DEBUG] [mixin/]: Preparing mixinextras.init.mixins.json (0)
[2512月2025 21:43:17.338] [main/DEBUG] [io.netty.util.internal.logging.InternalLoggerFactory/]: Using SLF4J as the default logging framework
[2512月2025 21:43:17.338] [main/DEBUG] [io.netty.util.ResourceLeakDetector/]: -Dio.netty.leakDetection.level: simple
[2512月2025 21:43:17.338] [main/DEBUG] [io.netty.util.ResourceLeakDetector/]: -Dio.netty.leakDetection.targetRecords: 4
[2512月2025 21:43:18.540] [main/INFO] [MixinExtras|Service/]: Initializing MixinExtras via com.llamalad7.mixinextras.service.MixinExtrasServiceImpl(version=0.5.0).
[2512月2025 21:43:18.557] [main/DEBUG] [mixin/]: Registering new injector for @SugarWrapper with com.llamalad7.mixinextras.sugar.impl.SugarWrapperInjectionInfo
[2512月2025 21:43:18.557] [main/DEBUG] [mixin/]: Registering new injector for @FactoryRedirectWrapper with com.llamalad7.mixinextras.wrapper.factory.FactoryRedirectWrapperInjectionInfo
[2512月2025 21:43:18.557] [main/DEBUG] [mixin/]: Registering new injector for @ExpressionInjectorWrapper with com.llamalad7.mixinextras.expression.impl.wrapper.ExpressionInjectorWrapperInjectionInfo
[2512月2025 21:43:18.573] [main/DEBUG] [mixin/]: Mixing MappedRegistryAccessor from neoforge.mixins.json into net.minecraft.core.MappedRegistry
[2512月2025 21:43:21.338] [main/DEBUG] [mixin/]: Mixing BlockEntityTypeAccessor from neoforge.mixins.json into net.minecraft.world.level.block.entity.BlockEntityType
[2512月2025 21:43:29.928] [main/DEBUG] [net.neoforged.fml.ModWorkManager/LOADING]: Using 2 threads for parallel mod-loading
[2512月2025 21:43:29.939] [main/DEBUG] [net.neoforged.fml.javafmlmod.FMLModContainer/LOADING]: Creating FMLModContainer instance for neoforge with entrypoints [net.neoforged.neoforge.common.NeoForgeMod, net.neoforged.neoforge.common.OnlyInWarningsHandler]
[2512月2025 21:43:29.947] [main/DEBUG] [net.neoforged.fml.javafmlmod.FMLModContainer/LOADING]: Creating FMLModContainer instance for jei with entrypoints [mezz.jei.neoforge.JustEnoughItems]
[2512月2025 21:43:30.008] [modloading-worker-0/DEBUG] [net.neoforged.fml.config.ConfigTracker/CONFIG]: Config file jei-server.toml for jei tracking
[2512月2025 21:43:30.015] [modloading-worker-0/DEBUG] [net.neoforged.fml.javafmlmod.AutomaticEventSubscriber/LOADING]: Attempting to inject @EventBusSubscriber classes into the eventbus for jei
[2512月2025 21:43:30.028] [modloading-worker-0/INFO] [net.neoforged.neoforge.common.NeoForgeMod/NEOFORGE-MOD]: NeoForge mod loading, version 21.11.13-beta, for MC 1.21.11
[2512月2025 21:43:30.048] [modloading-worker-0/DEBUG] [net.neoforged.fml.config.ConfigTracker/CONFIG]: Config file neoforge-server.toml for neoforge tracking
[2512月2025 21:43:30.052] [modloading-worker-0/DEBUG] [net.neoforged.fml.config.ConfigTracker/CONFIG]: Config file neoforge-common.toml for neoforge tracking
[2512月2025 21:43:30.175] [modloading-worker-0/DEBUG] [net.neoforged.fml.javafmlmod.AutomaticEventSubscriber/LOADING]: Attempting to inject @EventBusSubscriber classes into the eventbus for neoforge
[2512月2025 21:43:30.177] [modloading-worker-0/DEBUG] [net.neoforged.fml.javafmlmod.AutomaticEventSubscriber/LOADING]: Scanning class net.neoforged.neoforge.attachment.AttachmentInternals for @SubscribeEvent-annotated methods
[2512月2025 21:43:30.179] [modloading-worker-0/DEBUG] [net.neoforged.fml.javafmlmod.AutomaticEventSubscriber/LOADING]: Subscribing method public static void net.neoforged.neoforge.attachment.AttachmentInternals.onLivingConvert(net.neoforged.neoforge.event.entity.living.LivingConversionEvent$Post) to the game event bus
[2512月2025 21:43:30.179] [modloading-worker-0/DEBUG] [net.neoforged.fml.javafmlmod.AutomaticEventSubscriber/LOADING]: Subscribing method public static void net.neoforged.neoforge.attachment.AttachmentInternals.onPlayerClone(net.neoforged.neoforge.event.entity.player.PlayerEvent$Clone) to the game event bus
[2512月2025 21:43:30.182] [modloading-worker-0/DEBUG] [net.neoforged.fml.javafmlmod.AutomaticEventSubscriber/LOADING]: Scanning class net.neoforged.neoforge.attachment.AttachmentSync for @SubscribeEvent-annotated methods
[2512月2025 21:43:30.185] [modloading-worker-0/DEBUG] [net.neoforged.fml.javafmlmod.AutomaticEventSubscriber/LOADING]: Subscribing method public static void net.neoforged.neoforge.attachment.AttachmentSync.onChunkSent(net.neoforged.neoforge.event.level.ChunkWatchEvent$Sent) to the game event bus
[2512月2025 21:43:30.185] [modloading-worker-0/DEBUG] [net.neoforged.fml.javafmlmod.AutomaticEventSubscriber/LOADING]: Scanning class net.neoforged.neoforge.common.MonsterRoomHooks for @SubscribeEvent-annotated methods
[2512月2025 21:43:30.186] [modloading-worker-0/DEBUG] [net.neoforged.fml.javafmlmod.AutomaticEventSubscriber/LOADING]: Subscribing method public static void net.neoforged.neoforge.common.MonsterRoomHooks.onDataMapsUpdated(net.neoforged.neoforge.registries.datamaps.DataMapsUpdatedEvent) to the game event bus
[2512月2025 21:43:30.186] [modloading-worker-0/DEBUG] [net.neoforged.fml.javafmlmod.AutomaticEventSubscriber/LOADING]: Scanning class net.neoforged.neoforge.network.ConfigurationInitialization for @SubscribeEvent-annotated methods
[2512月2025 21:43:30.189] [modloading-worker-0/DEBUG] [net.neoforged.fml.javafmlmod.AutomaticEventSubscriber/LOADING]: Subscribing method private static void net.neoforged.neoforge.network.ConfigurationInitialization.configureModdedClient(net.neoforged.neoforge.network.event.RegisterConfigurationTasksEvent) to the event bus of mod neoforge
[2512月2025 21:43:30.189] [modloading-worker-0/DEBUG] [net.neoforged.fml.javafmlmod.AutomaticEventSubscriber/LOADING]: Scanning class net.neoforged.neoforge.network.NetworkInitialization for @SubscribeEvent-annotated methods
[2512月2025 21:43:30.190] [modloading-worker-0/DEBUG] [net.neoforged.fml.javafmlmod.AutomaticEventSubscriber/LOADING]: Subscribing method private static void net.neoforged.neoforge.network.NetworkInitialization.register(net.neoforged.neoforge.network.event.RegisterPayloadHandlersEvent) to the event bus of mod neoforge
[2512月2025 21:43:30.191] [modloading-worker-0/DEBUG] [net.neoforged.fml.javafmlmod.AutomaticEventSubscriber/LOADING]: Scanning class net.neoforged.neoforge.network.filters.GenericPacketSplitter for @SubscribeEvent-annotated methods
[2512月2025 21:43:30.211] [modloading-worker-0/DEBUG] [io.netty.util.internal.PlatformDependent0/]: Java version: 22
[2512月2025 21:43:30.211] [modloading-worker-0/DEBUG] [io.netty.util.internal.PlatformDependent0/]: -Dio.netty.noUnsafe: false
[2512月2025 21:43:30.212] [modloading-worker-0/DEBUG] [io.netty.util.internal.PlatformDependent0/]: sun.misc.Unsafe.theUnsafe: available
[2512月2025 21:43:30.213] [modloading-worker-0/DEBUG] [io.netty.util.internal.PlatformDependent0/]: sun.misc.Unsafe base methods: all available
[2512月2025 21:43:30.213] [modloading-worker-0/DEBUG] [io.netty.util.internal.PlatformDependent0/]: java.nio.Buffer.address: available
[2512月2025 21:43:30.213] [modloading-worker-0/DEBUG] [io.netty.util.internal.PlatformDependent0/]: java.nio.Bits.unaligned: available, true
[2512月2025 21:43:30.215] [modloading-worker-0/DEBUG] [io.netty.util.internal.PlatformDependent0/]: java.nio.DirectByteBuffer.<init>(long, {int,long}): unavailable
[2512月2025 21:43:30.215] [modloading-worker-0/DEBUG] [io.netty.util.internal.PlatformDependent/]: sun.misc.Unsafe: available
[2512月2025 21:43:30.215] [modloading-worker-0/DEBUG] [io.netty.util.internal.PlatformDependent/]: -Dio.netty.tmpdir: C:\Users\ADMINI~1\AppData\Local\Temp (java.io.tmpdir)
[2512月2025 21:43:30.215] [modloading-worker-0/DEBUG] [io.netty.util.internal.PlatformDependent/]: -Dio.netty.bitMode: 64 (sun.arch.data.model)
[2512月2025 21:43:30.215] [modloading-worker-0/DEBUG] [io.netty.util.internal.PlatformDependent/]: Platform: Windows
[2512月2025 21:43:30.217] [modloading-worker-0/DEBUG] [io.netty.util.internal.PlatformDependent/]: -Dio.netty.maxDirectMemory: -1 bytes
[2512月2025 21:43:30.217] [modloading-worker-0/DEBUG] [io.netty.util.internal.CleanerJava9/]: java.nio.ByteBuffer.cleaner(): available
[2512月2025 21:43:30.217] [modloading-worker-0/DEBUG] [io.netty.util.internal.PlatformDependent/]: -Dio.netty.noPreferDirect: false
[2512月2025 21:43:30.221] [modloading-worker-0/DEBUG] [io.netty.util.internal.PlatformDependent/]: -Dio.netty.jfr.enabled: true
[2512月2025 21:43:30.230] [modloading-worker-0/DEBUG] [io.netty.buffer.AbstractByteBuf/]: -Dio.netty.buffer.checkAccessible: true
[2512月2025 21:43:30.230] [modloading-worker-0/DEBUG] [io.netty.buffer.AbstractByteBuf/]: -Dio.netty.buffer.checkBounds: true
[2512月2025 21:43:30.231] [modloading-worker-0/DEBUG] [io.netty.util.ResourceLeakDetectorFactory/]: Loaded default ResourceLeakDetector: io.netty.util.ResourceLeakDetector@7d407d42
[2512月2025 21:43:30.240] [modloading-worker-0/DEBUG] [io.netty.util.internal.InternalThreadLocalMap/]: -Dio.netty.threadLocalMap.stringBuilder.initialSize: 1024
[2512月2025 21:43:30.240] [modloading-worker-0/DEBUG] [io.netty.util.internal.InternalThreadLocalMap/]: -Dio.netty.threadLocalMap.stringBuilder.maxSize: 4096
[2512月2025 21:43:30.240] [modloading-worker-0/DEBUG] [io.netty.buffer.AdaptiveByteBufAllocator/]: -Dio.netty.allocator.useCachedMagazinesForNonEventLoopThreads: false
[2512月2025 21:43:30.254] [modloading-worker-0/DEBUG] [io.netty.util.Recycler/]: -Dio.netty.recycler.maxCapacityPerThread: 4096
[2512月2025 21:43:30.255] [modloading-worker-0/DEBUG] [io.netty.util.Recycler/]: -Dio.netty.recycler.ratio: 8
[2512月2025 21:43:30.255] [modloading-worker-0/DEBUG] [io.netty.util.Recycler/]: -Dio.netty.recycler.chunkSize: 32
[2512月2025 21:43:30.255] [modloading-worker-0/DEBUG] [io.netty.util.Recycler/]: -Dio.netty.recycler.blocking: false
[2512月2025 21:43:30.255] [modloading-worker-0/DEBUG] [io.netty.util.Recycler/]: -Dio.netty.recycler.batchFastThreadLocalOnly: true
[2512月2025 21:43:30.261] [modloading-worker-0/DEBUG] [io.netty.buffer.ByteBufUtil/]: -Dio.netty.allocator.type: adaptive
[2512月2025 21:43:30.261] [modloading-worker-0/DEBUG] [io.netty.buffer.ByteBufUtil/]: -Dio.netty.threadLocalDirectBufferSize: 0
[2512月2025 21:43:30.261] [modloading-worker-0/DEBUG] [io.netty.buffer.ByteBufUtil/]: -Dio.netty.maxThreadLocalCharBufferSize: 16384
[2512月2025 21:43:30.266] [modloading-worker-0/DEBUG] [net.neoforged.fml.javafmlmod.AutomaticEventSubscriber/LOADING]: Subscribing method private static void net.neoforged.neoforge.network.filters.GenericPacketSplitter.register(net.neoforged.neoforge.network.event.RegisterPayloadHandlersEvent) to the event bus of mod neoforge
[2512月2025 21:43:30.540] [modloading-sync-worker/DEBUG] [net.neoforged.fml.config.ConfigTracker/CONFIG]: Loading configs type COMMON
[2512月2025 21:43:30.551] [modloading-sync-worker/DEBUG] [net.neoforged.neoforge.common.NeoForgeMod/FORGEMOD]: Loaded NeoForge config file neoforge-common.toml
[2512月2025 21:43:30.551] [modloading-sync-worker/DEBUG] [net.neoforged.fml.config.ConfigTracker/CONFIG]: Loaded TOML config file C:\Server\1.21.11\config\neoforge-common.toml
[2512月2025 21:43:30.557] [modloading-sync-worker/DEBUG] [net.neoforged.fml.config.ConfigTracker/CONFIG]: Watching TOML config file C:\Server\1.21.11\config\neoforge-common.toml for changes
[2512月2025 21:43:30.564] [modloading-sync-worker/DEBUG] [net.neoforged.fml.DeferredWorkQueue/LOADING]: Dispatching synchronous work for work queue Common setup: 1 jobs
[2512月2025 21:43:30.566] [modloading-sync-worker/DEBUG] [net.neoforged.fml.DeferredWorkQueue/LOADING]: Synchronous work queue completed in 917.6 μs
[2512月2025 21:43:30.973] [main/INFO] [com.mojang.authlib.yggdrasil.YggdrasilAuthenticationService/]: Environment: Environment[sessionHost=https://sessionserver.mojang.com, servicesHost=https://api.minecraftservices.com, profilesHost=https://api.mojang.com, name=PROD]
[2512月2025 21:43:37.315] [main/INFO] [net.minecraft.world.item.crafting.RecipeManager/]: Loaded 1470 recipes
[2512月2025 21:43:37.399] [main/INFO] [net.minecraft.advancements.AdvancementTree/]: Loaded 1584 advancements
[2512月2025 21:43:37.407] [main/INFO] [net.neoforged.neoforge.common.crafting.RecipePriorityManager/]: Loaded 0 recipe priority overrides
[2512月2025 21:43:37.586] [main/DEBUG] [net.neoforged.neoforge.common.CommonHooks/WP]: Gathered mod list to write to world save world
[2512月2025 21:43:37.741] [Server thread/INFO] [net.minecraft.server.dedicated.DedicatedServer/]: Starting minecraft server version 1.21.11
[2512月2025 21:43:37.742] [Server thread/WARN] [net.minecraft.server.dedicated.DedicatedServer/]: To start the server with more ram, launch it as "java -Xmx1024M -Xms1024M -jar minecraft_server.jar"
[2512月2025 21:43:37.744] [Server thread/INFO] [net.minecraft.server.dedicated.DedicatedServer/]: Loading properties
[2512月2025 21:43:37.745] [Server thread/INFO] [net.minecraft.server.dedicated.DedicatedServer/]: Default game type: SURVIVAL
[2512月2025 21:43:37.746] [Server thread/INFO] [net.minecraft.server.MinecraftServer/]: Generating keypair
[2512月2025 21:43:37.889] [Server thread/INFO] [net.minecraft.server.dedicated.DedicatedServer/]: Starting Minecraft server on *:25565
[2512月2025 21:43:37.891] [Server thread/DEBUG] [net.neoforged.neoforge.network.DualStackUtils/]: Detected IPv6 address: "0:0:0:0:0:0:0:0"
[2512月2025 21:43:37.953] [Server thread/DEBUG] [io.netty.channel.MultithreadEventLoopGroup/]: -Dio.netty.eventLoopThreads: 4
[2512月2025 21:43:37.955] [Server thread/DEBUG] [io.netty.channel.nio.NioIoHandler/]: -Dio.netty.noKeySetOptimization: false
[2512月2025 21:43:37.955] [Server thread/DEBUG] [io.netty.channel.nio.NioIoHandler/]: -Dio.netty.selectorAutoRebuildThreshold: 512
[2512月2025 21:43:37.963] [Server thread/DEBUG] [io.netty.util.concurrent.GlobalEventExecutor/]: -Dio.netty.globalEventExecutor.quietPeriodSeconds: 1
[2512月2025 21:43:37.971] [Server thread/DEBUG] [io.netty.util.internal.PlatformDependent/]: org.jctools-core.MpscChunkedArrayQueue: available
[2512月2025 21:43:37.984] [Server thread/DEBUG] [io.netty.channel.DefaultChannelId/]: -Dio.netty.processId: 22196 (auto-detected)
[2512月2025 21:43:37.985] [Server thread/DEBUG] [io.netty.util.NetUtil/]: -Djava.net.preferIPv4Stack: false
[2512月2025 21:43:37.985] [Server thread/DEBUG] [io.netty.util.NetUtil/]: -Djava.net.preferIPv6Addresses: true
[2512月2025 21:43:37.987] [Server thread/DEBUG] [io.netty.util.NetUtilInitializations/]: Loopback interface: loopback_0 (Software Loopback Interface 1, 0:0:0:0:0:0:0:1)
[2512月2025 21:43:37.987] [Server thread/DEBUG] [io.netty.util.NetUtil/]: Failed to get SOMAXCONN from sysctl and file \proc\sys\net\core\somaxconn. Default: 200
[2512月2025 21:43:37.989] [Server thread/DEBUG] [io.netty.channel.DefaultChannelId/]: -Dio.netty.machineId: 52:54:00:ff:fe:9b:c8:0f (auto-detected)
[2512月2025 21:43:38.002] [Server thread/DEBUG] [io.netty.bootstrap.ChannelInitializerExtensions/]: -Dio.netty.bootstrap.extensions: null
[2512月2025 21:43:38.011] [Server thread/WARN] [net.minecraft.server.dedicated.DedicatedServer/]: **** SERVER IS RUNNING IN OFFLINE/INSECURE MODE!
[2512月2025 21:43:38.012] [Server thread/WARN] [net.minecraft.server.dedicated.DedicatedServer/]: The server will make no attempt to authenticate usernames. Beware.
[2512月2025 21:43:38.012] [Server thread/WARN] [net.minecraft.server.dedicated.DedicatedServer/]: While this makes the game possible to play without internet access, it also opens up the ability for hackers to connect with any username they choose.
[2512月2025 21:43:38.012] [Server thread/WARN] [net.minecraft.server.dedicated.DedicatedServer/]: To change this, set "online-mode" to "true" in the server.properties file.
[2512月2025 21:43:38.027] [Server thread/DEBUG] [net.neoforged.fml.config.ConfigTracker/CONFIG]: Loading configs type SERVER
[2512月2025 21:43:38.028] [Server thread/DEBUG] [net.neoforged.fml.config.ConfigTracker/CONFIG]: Loaded TOML config file C:\Server\1.21.11\config\jei-server.toml
[2512月2025 21:43:38.028] [Server thread/DEBUG] [net.neoforged.fml.config.ConfigTracker/CONFIG]: Watching TOML config file C:\Server\1.21.11\config\jei-server.toml for changes
[2512月2025 21:43:38.030] [Server thread/DEBUG] [net.neoforged.neoforge.common.NeoForgeMod/FORGEMOD]: Loaded NeoForge config file neoforge-server.toml
[2512月2025 21:43:38.030] [Server thread/DEBUG] [net.neoforged.fml.config.ConfigTracker/CONFIG]: Loaded TOML config file C:\Server\1.21.11\config\neoforge-server.toml
[2512月2025 21:43:38.030] [Server thread/DEBUG] [net.neoforged.fml.config.ConfigTracker/CONFIG]: Watching TOML config file C:\Server\1.21.11\config\neoforge-server.toml for changes
[2512月2025 21:43:38.104] [Server thread/INFO] [net.minecraft.server.dedicated.DedicatedServer/]: Preparing level "world"
[2512月2025 21:43:39.407] [Server thread/INFO] [net.minecraft.server.level.progress.LoggingLevelLoadListener/]: Loading 0 persistent chunks...
[2512月2025 21:43:39.423] [Server thread/INFO] [net.minecraft.server.level.progress.LoggingLevelLoadListener/]: Preparing spawn area: 100%
[2512月2025 21:43:39.436] [Server thread/INFO] [net.minecraft.server.level.progress.LoggingLevelLoadListener/]: Time elapsed: 29 ms
[2512月2025 21:43:39.436] [Server thread/INFO] [net.minecraft.server.dedicated.DedicatedServer/]: Done (1.410s)! For help, type "help"
[2512月2025 21:43:39.541] [Server thread/DEBUG] [net.neoforged.neoforge.server.LanguageHook/]: Loaded 4 language files for en_us
[2512月2025 21:43:39.573] [Server thread/INFO] [net.neoforged.neoforge.server.permission.PermissionAPI/]: Successfully initialized permission handler neoforge:default_handler
[2512月2025 21:43:43.633] [Netty NIO IO #2/DEBUG] [net.neoforged.neoforge.network.filters.NetworkFilters/]: Injected net.neoforged.neoforge.network.filters.GenericPacketSplitter@36048775 into net.minecraft.network.Connection@7da16357
[2512月2025 21:43:44.193] [Netty NIO IO #3/DEBUG] [net.neoforged.neoforge.network.filters.NetworkFilters/]: Injected net.neoforged.neoforge.network.filters.GenericPacketSplitter@5b990e4a into net.minecraft.network.Connection@1e9b9b5d
[2512月2025 21:43:44.498] [Netty NIO IO #0/DEBUG] [net.neoforged.neoforge.network.filters.NetworkFilters/]: Injected net.neoforged.neoforge.network.filters.GenericPacketSplitter@2c9f3a82 into net.minecraft.network.Connection@7da274aa
[2512月2025 21:43:56.484] [Netty NIO IO #0/DEBUG] [net.neoforged.neoforge.network.filters.NetworkFilters/]: Injected net.neoforged.neoforge.network.filters.GenericPacketSplitter@1d2b842a into net.minecraft.network.Connection@7da274aa
[2512月2025 21:43:56.908] [Server thread/INFO] [net.minecraft.server.players.PlayerList/]: why[/112.193.178.62:55763] logged in with entity id 135 at (272.28177126217327, 65.25220334025373, 1097.7460731892268)
[2512月2025 21:43:56.976] [Server thread/DEBUG] [net.neoforged.neoforge.common.CommonHooks/]: Sending 1470 recipes of the following types: [stonecutting, crafting, smoking, blasting, campfire_cooking, smithing, smelting]
[2512月2025 21:43:57.293] [Server thread/INFO] [net.minecraft.server.MinecraftServer/]: why joined the game
[2512月2025 21:43:57.789] [Netty NIO IO #2/DEBUG] [net.neoforged.neoforge.network.filters.NetworkFilters/]: Injected net.neoforged.neoforge.network.filters.GenericPacketSplitter@4ce9d5e7 into net.minecraft.network.Connection@7da16357
[2512月2025 21:43:57.861] [Server thread/INFO] [net.minecraft.server.players.PlayerList/]: CBLJBE[/116.132.85.24:33634] logged in with entity id 136 at (325.5, 64.0, 844.5)
[2512月2025 21:43:57.865] [Server thread/DEBUG] [net.neoforged.neoforge.common.CommonHooks/]: Sending 1470 recipes of the following types: [stonecutting, crafting, smoking, blasting, campfire_cooking, smithing, smelting]
[2512月2025 21:43:57.875] [Server thread/INFO] [net.minecraft.server.MinecraftServer/]: CBLJBE joined the game
[2512月2025 21:43:58.405] [Server thread/WARN] [net.minecraft.server.MinecraftServer/]: Can't keep up! Is the server overloaded? Running 2280ms or 45 ticks behind
[2512月2025 21:44:01.610] [Netty NIO IO #3/DEBUG] [net.neoforged.neoforge.network.filters.NetworkFilters/]: Injected net.neoforged.neoforge.network.filters.GenericPacketSplitter@27b31a1f into net.minecraft.network.Connection@1e9b9b5d
[2512月2025 21:44:01.702] [Server thread/INFO] [net.minecraft.server.players.PlayerList/]: linglan520l[/120.224.196.2:8076] logged in with entity id 179 at (1146.892858919124, 48.0, 1370.2397856408118)
[2512月2025 21:44:01.738] [Server thread/DEBUG] [net.neoforged.neoforge.common.CommonHooks/]: Sending 1470 recipes of the following types: [stonecutting, crafting, smoking, blasting, campfire_cooking, smithing, smelting]
[2512月2025 21:44:01.774] [Server thread/INFO] [net.minecraft.server.MinecraftServer/]: linglan520l joined the game
[2512月2025 21:44:06.449] [Server thread/INFO] [net.minecraft.server.MinecraftServer/]: linglan520l drowned
[2512月2025 21:45:31.389] [Server thread/INFO] [net.minecraft.server.network.ServerLoginPacketListenerImpl/]: MCScans (/45.148.10.134:48472) lost connection: Disconnected
[2512月2025 21:48:41.965] [Server thread/DEBUG] [net.neoforged.neoforge.common.CommonHooks/WP]: Gathered mod list to write to world save world
[2512月2025 21:50:43.584] [Server thread/INFO] [net.minecraft.server.MinecraftServer/]: CBLJBE was slain by Zombie
[2512月2025 21:53:41.897] [Server thread/DEBUG] [net.neoforged.neoforge.common.CommonHooks/WP]: Gathered mod list to write to world save world
[2512月2025 21:58:41.892] [Server thread/DEBUG] [net.neoforged.neoforge.common.CommonHooks/WP]: Gathered mod list to write to world save world
[2512月2025 22:00:33.281] [Server thread/INFO] [net.minecraft.server.MinecraftServer/]: why has made the advancement [A Seedy Place]
[2512月2025 22:03:41.873] [Server thread/DEBUG] [net.neoforged.neoforge.common.CommonHooks/WP]: Gathered mod list to write to world save world
[2512月2025 22:06:37.310] [Server thread/INFO] [net.minecraft.server.MinecraftServer/]: CBLJBE was blown up by Creeper
[2512月2025 22:08:41.879] [Server thread/DEBUG] [net.neoforged.neoforge.common.CommonHooks/WP]: Gathered mod list to write to world save world
[2512月2025 22:13:41.897] [Server thread/DEBUG] [net.neoforged.neoforge.common.CommonHooks/WP]: Gathered mod list to write to world save world
[2512月2025 22:18:41.886] [Server thread/DEBUG] [net.neoforged.neoforge.common.CommonHooks/WP]: Gathered mod list to write to world save world
[2512月2025 22:23:41.908] [Server thread/DEBUG] [net.neoforged.neoforge.common.CommonHooks/WP]: Gathered mod list to write to world save world
[2512月2025 22:28:41.880] [Server thread/DEBUG] [net.neoforged.neoforge.common.CommonHooks/WP]: Gathered mod list to write to world save world
[2512月2025 22:32:43.243] [Server thread/WARN] [net.minecraft.server.level.ServerPlayerGameMode/]: Mismatch in destroy block pos: BlockPos{x=330, y=65, z=817} BlockPos{x=330, y=64, z=817}
[2512月2025 22:33:31.997] [Server thread/INFO] [net.minecraft.server.MinecraftServer/]: linglan520l has made the advancement [Fishy Business]
[2512月2025 22:33:41.911] [Server thread/DEBUG] [net.neoforged.neoforge.common.CommonHooks/WP]: Gathered mod list to write to world save world
[2512月2025 22:38:41.887] [Server thread/DEBUG] [net.neoforged.neoforge.common.CommonHooks/WP]: Gathered mod list to write to world save world
[2512月2025 22:38:59.204] [Server thread/INFO] [net.minecraft.server.MinecraftServer/]: CBLJBE drowned
[2512月2025 22:40:11.603] [Server thread/INFO] [net.minecraft.world.entity.npc.villager.Villager/]: Villager Villager['Librarian'/58, l='ServerLevel[world]', x=312.56, y=64.00, z=824.32] died, message: 'Librarian was slain by Zombie'
[2512月2025 22:43:41.881] [Server thread/DEBUG] [net.neoforged.neoforge.common.CommonHooks/WP]: Gathered mod list to write to world save world
[2512月2025 22:48:41.904] [Server thread/DEBUG] [net.neoforged.neoforge.common.CommonHooks/WP]: Gathered mod list to write to world save world
[2512月2025 22:51:06.008] [Server thread/INFO] [net.minecraft.server.network.ServerGamePacketListenerImpl/]: CBLJBE lost connection: Timed out
[2512月2025 22:51:06.010] [Server thread/INFO] [net.minecraft.server.MinecraftServer/]: CBLJBE left the game
[2512月2025 22:52:32.153] [Netty NIO IO #0/DEBUG] [net.neoforged.neoforge.network.filters.NetworkFilters/]: Injected net.neoforged.neoforge.network.filters.GenericPacketSplitter@2a7bdec7 into net.minecraft.network.Connection@eb0d7ab
[2512月2025 22:52:33.701] [Netty NIO IO #0/DEBUG] [net.neoforged.neoforge.network.filters.NetworkFilters/]: Injected net.neoforged.neoforge.network.filters.GenericPacketSplitter@7df40163 into net.minecraft.network.Connection@eb0d7ab
[2512月2025 22:52:33.727] [Server thread/INFO] [net.minecraft.server.players.PlayerList/]: CBLJBE[/116.132.85.24:35053] logged in with entity id 15480 at (289.427256940946, 64.0, 942.7044829433106)
[2512月2025 22:52:33.732] [Server thread/DEBUG] [net.neoforged.neoforge.common.CommonHooks/]: Sending 1470 recipes of the following types: [stonecutting, crafting, smoking, blasting, campfire_cooking, smithing, smelting]
[2512月2025 22:52:33.733] [Server thread/INFO] [net.minecraft.server.MinecraftServer/]: CBLJBE joined the game
[2512月2025 22:53:41.897] [Server thread/DEBUG] [net.neoforged.neoforge.common.CommonHooks/WP]: Gathered mod list to write to world save world
[2512月2025 22:54:08.504] [Server thread/INFO] [net.minecraft.server.MinecraftServer/]: CBLJBE fell from a high place
[2512月2025 22:58:41.898] [Server thread/DEBUG] [net.neoforged.neoforge.common.CommonHooks/WP]: Gathered mod list to write to world save world
[2512月2025 23:00:59.336] [Server thread/INFO] [net.minecraft.server.MinecraftServer/]: [Not Secure] <linglan520l> zz
[2512月2025 23:00:59.761] [Server thread/INFO] [net.minecraft.server.MinecraftServer/]: [Not Secure] <linglan520l> z
[2512月2025 23:01:00.123] [Server thread/INFO] [net.minecraft.server.MinecraftServer/]: [Not Secure] <linglan520l> z
[2512月2025 23:01:00.423] [Server thread/INFO] [net.minecraft.server.MinecraftServer/]: [Not Secure] <linglan520l> z
[2512月2025 23:01:00.661] [Server thread/INFO] [net.minecraft.server.MinecraftServer/]: [Not Secure] <linglan520l> z
[2512月2025 23:03:41.903] [Server thread/DEBUG] [net.neoforged.neoforge.common.CommonHooks/WP]: Gathered mod list to write to world save world
[2512月2025 23:08:41.884] [Server thread/DEBUG] [net.neoforged.neoforge.common.CommonHooks/WP]: Gathered mod list to write to world save world
[2512月2025 23:13:41.904] [Server thread/DEBUG] [net.neoforged.neoforge.common.CommonHooks/WP]: Gathered mod list to write to world save world
[2512月2025 23:16:46.072] [Server thread/INFO] [net.minecraft.server.MinecraftServer/]: CBLJBE was shot by Skeleton
[2512月2025 23:17:35.398] [Server thread/INFO] [net.minecraft.server.MinecraftServer/]: why has made the advancement [We Need to Go Deeper]
[2512月2025 23:17:38.608] [Server thread/WARN] [net.minecraft.server.MinecraftServer/]: Can't keep up! Is the server overloaded? Running 5647ms or 112 ticks behind
[2512月2025 23:17:38.635] [Server thread/WARN] [net.minecraft.server.network.ServerGamePacketListenerImpl/]: CBLJBE moved too quickly! 9.802230907382523,0.0,-2.0754028117474945
[2512月2025 23:18:41.514] [Server thread/INFO] [net.minecraft.server.MinecraftServer/]: linglan520l has made the advancement [We Need to Go Deeper]
[2512月2025 23:18:42.559] [Server thread/INFO] [net.minecraft.server.MinecraftServer/]: CBLJBE has made the advancement [We Need to Go Deeper]
[2512月2025 23:18:47.542] [Server thread/DEBUG] [net.neoforged.neoforge.common.CommonHooks/WP]: Gathered mod list to write to world save world
[2512月2025 23:21:20.762] [Server thread/INFO] [net.minecraft.server.MinecraftServer/]: linglan520l fell from a high place
[2512月2025 23:23:16.224] [Server thread/INFO] [net.minecraft.server.MinecraftServer/]: linglan520l has made the advancement [A Terrible Fortress]
[2512月2025 23:23:32.927] [Server thread/INFO] [net.minecraft.server.MinecraftServer/]: why has made the advancement [A Terrible Fortress]
[2512月2025 23:23:47.539] [Server thread/DEBUG] [net.neoforged.neoforge.common.CommonHooks/WP]: Gathered mod list to write to world save world
[2512月2025 23:25:57.525] [Server thread/INFO] [net.minecraft.server.MinecraftServer/]: CBLJBE tried to swim in lava
[2512月2025 23:26:08.376] [Server thread/INFO] [net.minecraft.server.MinecraftServer/]: linglan520l has completed the challenge [Return to Sender]
[2512月2025 23:28:47.512] [Server thread/DEBUG] [net.neoforged.neoforge.common.CommonHooks/WP]: Gathered mod list to write to world save world
[2512月2025 23:31:16.270] [Server thread/INFO] [net.minecraft.server.network.ServerGamePacketListenerImpl/]: linglan520l lost connection: Disconnected
[2512月2025 23:31:16.272] [Server thread/INFO] [net.minecraft.server.MinecraftServer/]: linglan520l left the game
[2512月2025 23:31:49.822] [Server thread/INFO] [net.minecraft.server.network.ServerGamePacketListenerImpl/]: CBLJBE lost connection: Disconnected
[2512月2025 23:31:49.823] [Server thread/INFO] [net.minecraft.server.MinecraftServer/]: CBLJBE left the game
[2512月2025 23:33:33.722] [Server thread/INFO] [net.minecraft.server.MinecraftServer/]: why has made the advancement [Into Fire]
[2512月2025 23:33:47.454] [Server thread/DEBUG] [net.neoforged.neoforge.common.CommonHooks/WP]: Gathered mod list to write to world save world
[2512月2025 23:38:47.457] [Server thread/DEBUG] [net.neoforged.neoforge.common.CommonHooks/WP]: Gathered mod list to write to world save world
[2512月2025 23:43:47.458] [Server thread/DEBUG] [net.neoforged.neoforge.common.CommonHooks/WP]: Gathered mod list to write to world save world
[2512月2025 23:48:47.470] [Server thread/DEBUG] [net.neoforged.neoforge.common.CommonHooks/WP]: Gathered mod list to write to world save world
[2512月2025 23:53:47.473] [Server thread/DEBUG] [net.neoforged.neoforge.common.CommonHooks/WP]: Gathered mod list to write to world save world
[2512月2025 23:58:47.469] [Server thread/DEBUG] [net.neoforged.neoforge.common.CommonHooks/WP]: Gathered mod list to write to world save world
[2612月2025 00:03:47.480] [Server thread/DEBUG] [net.neoforged.neoforge.common.CommonHooks/WP]: Gathered mod list to write to world save world
[2612月2025 00:05:38.637] [Server thread/INFO] [net.minecraft.server.MinecraftServer/]: why has made the advancement [Cover Me with Diamonds]
[2612月2025 00:08:47.483] [Server thread/DEBUG] [net.neoforged.neoforge.common.CommonHooks/WP]: Gathered mod list to write to world save world
[2612月2025 00:13:47.479] [Server thread/DEBUG] [net.neoforged.neoforge.common.CommonHooks/WP]: Gathered mod list to write to world save world
[2612月2025 00:18:47.510] [Server thread/DEBUG] [net.neoforged.neoforge.common.CommonHooks/WP]: Gathered mod list to write to world save world
[2612月2025 00:23:47.490] [Server thread/DEBUG] [net.neoforged.neoforge.common.CommonHooks/WP]: Gathered mod list to write to world save world
[2612月2025 00:26:39.906] [Server thread/INFO] [net.minecraft.server.network.ServerGamePacketListenerImpl/]: why lost connection: Disconnected
[2612月2025 00:26:39.909] [Server thread/INFO] [net.minecraft.server.MinecraftServer/]: why left the game
[2612月2025 00:27:08.758] [Netty NIO IO #3/DEBUG] [net.neoforged.neoforge.network.filters.NetworkFilters/]: Injected net.neoforged.neoforge.network.filters.GenericPacketSplitter@d42c8b0 into net.minecraft.network.Connection@7401339
[2612月2025 00:27:09.805] [Netty NIO IO #3/DEBUG] [net.neoforged.neoforge.network.filters.NetworkFilters/]: Injected net.neoforged.neoforge.network.filters.GenericPacketSplitter@46245764 into net.minecraft.network.Connection@7401339
[2612月2025 00:27:09.954] [Server thread/INFO] [net.minecraft.server.players.PlayerList/]: why[/112.193.178.62:56548] logged in with entity id 34658 at (335.5, 64.0625, 835.5)
[2612月2025 00:27:09.982] [Server thread/DEBUG] [net.neoforged.neoforge.common.CommonHooks/]: Sending 1470 recipes of the following types: [stonecutting, crafting, smoking, blasting, campfire_cooking, smithing, smelting]
[2612月2025 00:27:10.045] [Server thread/INFO] [net.minecraft.server.MinecraftServer/]: why joined the game
[2612月2025 00:28:47.488] [Server thread/DEBUG] [net.neoforged.neoforge.common.CommonHooks/WP]: Gathered mod list to write to world save world
[2612月2025 00:33:47.489] [Server thread/DEBUG] [net.neoforged.neoforge.common.CommonHooks/WP]: Gathered mod list to write to world save world
[2612月2025 00:38:47.503] [Server thread/DEBUG] [net.neoforged.neoforge.common.CommonHooks/WP]: Gathered mod list to write to world save world
[2612月2025 00:43:47.505] [Server thread/DEBUG] [net.neoforged.neoforge.common.CommonHooks/WP]: Gathered mod list to write to world save world
[2612月2025 00:48:47.503] [Server thread/DEBUG] [net.neoforged.neoforge.common.CommonHooks/WP]: Gathered mod list to write to world save world
[2612月2025 00:53:47.508] [Server thread/DEBUG] [net.neoforged.neoforge.common.CommonHooks/WP]: Gathered mod list to write to world save world
[2612月2025 00:58:47.519] [Server thread/DEBUG] [net.neoforged.neoforge.common.CommonHooks/WP]: Gathered mod list to write to world save world
[2612月2025 01:03:47.521] [Server thread/DEBUG] [net.neoforged.neoforge.common.CommonHooks/WP]: Gathered mod list to write to world save world
[2612月2025 01:08:47.529] [Server thread/DEBUG] [net.neoforged.neoforge.common.CommonHooks/WP]: Gathered mod list to write to world save world
[2612月2025 01:13:47.528] [Server thread/DEBUG] [net.neoforged.neoforge.common.CommonHooks/WP]: Gathered mod list to write to world save world
[2612月2025 01:18:47.536] [Server thread/DEBUG] [net.neoforged.neoforge.common.CommonHooks/WP]: Gathered mod list to write to world save world
[2612月2025 01:23:47.532] [Server thread/DEBUG] [net.neoforged.neoforge.common.CommonHooks/WP]: Gathered mod list to write to world save world
[2612月2025 01:28:47.527] [Server thread/DEBUG] [net.neoforged.neoforge.common.CommonHooks/WP]: Gathered mod list to write to world save world
[2612月2025 01:33:47.536] [Server thread/DEBUG] [net.neoforged.neoforge.common.CommonHooks/WP]: Gathered mod list to write to world save world
[2612月2025 01:34:36.004] [Server thread/INFO] [net.minecraft.server.network.ServerGamePacketListenerImpl/]: why lost connection: Disconnected
[2612月2025 01:34:36.005] [Server thread/INFO] [net.minecraft.server.MinecraftServer/]: why left the game
[2612月2025 01:35:36.000] [Server thread/INFO] [net.minecraft.server.MinecraftServer/]: Server empty for 60 seconds, pausing
[2612月2025 01:35:36.003] [Server thread/DEBUG] [net.neoforged.neoforge.common.CommonHooks/WP]: Gathered mod list to write to world save world
[2612月2025 02:16:27.617] [Server thread/INFO] [net.minecraft.server.MinecraftServer/]: Stopping the server
[2612月2025 02:16:27.667] [Server thread/DEBUG] [net.neoforged.fml.classloading.transformation.ClassTransformStatistics/]: Transformed/total loaded classes: 283/6506 (4.35%) and 5 parsed for mixin
[2612月2025 02:16:27.667] [Server thread/INFO] [net.minecraft.server.MinecraftServer/]: Stopping server
[2612月2025 02:16:27.670] [Server thread/INFO] [net.minecraft.server.MinecraftServer/]: Saving players
[2612月2025 02:16:27.672] [Server thread/INFO] [net.minecraft.server.MinecraftServer/]: Saving worlds
[2612月2025 02:16:27.672] [Server thread/INFO] [net.minecraft.server.MinecraftServer/]: Saving chunks for level 'ServerLevel[world]'/minecraft:overworld
[2612月2025 02:16:27.729] [Server thread/INFO] [net.minecraft.server.MinecraftServer/]: Saving chunks for level 'ServerLevel[world]'/minecraft:the_end
[2612月2025 02:16:27.735] [Server thread/INFO] [net.minecraft.server.MinecraftServer/]: Saving chunks for level 'ServerLevel[world]'/minecraft:the_nether
[2612月2025 02:16:27.753] [Server thread/DEBUG] [net.neoforged.neoforge.common.CommonHooks/WP]: Gathered mod list to write to world save world
[2612月2025 02:16:27.766] [Server thread/INFO] [net.minecraft.server.MinecraftServer/]: ThreadedAnvilChunkStorage (world): All chunks are saved
[2612月2025 02:16:27.766] [Server thread/INFO] [net.minecraft.server.MinecraftServer/]: ThreadedAnvilChunkStorage (DIM1): All chunks are saved
[2612月2025 02:16:27.768] [Server thread/INFO] [net.minecraft.server.MinecraftServer/]: ThreadedAnvilChunkStorage (DIM-1): All chunks are saved
[2612月2025 02:16:27.768] [Server thread/INFO] [net.minecraft.server.MinecraftServer/]: ThreadedAnvilChunkStorage: All dimensions are saved
[2612月2025 02:16:28.158] [Server thread/DEBUG] [net.neoforged.fml.config.ConfigTracker/CONFIG]: Unloading configs type SERVER
[2612月2025 02:16:28.170] [main/INFO] [net.neoforged.fml.loading.FMLLoader/]: Closing FML Loader 5f36625c
[2612月2025 02:16:28.178] [main/INFO] [net.neoforged.fml.ModLoader/]: Clearing ModLoader
